00:20:44.042 i.u.h.b.KaloriatablaDDDImpl INFO - kajalista sikeresen létrehozva az összes adatbázisban tárolt kajából 
00:21:10.711 i.u.h.b.KaloriatablaDDDImpl INFO - kajalista sikeresen létrehozva az összes adatbázisban tárolt kajából 
00:21:10.713 i.u.h.beadando_maven.KaloriaSzamlalo INFO - az összevont kajaérték tápértékszámolása megtörtént 
00:21:10.714 i.u.h.beadando_maven.KaloriaSzamlalo INFO - az összevont kajaérték tápértékszámolása megtörtént 
00:21:10.715 i.u.h.beadando_maven.KaloriaSzamlalo INFO - az összevont kajaérték tápértékszámolása megtörtént 
00:21:10.716 i.u.h.beadando_maven.KaloriaSzamlalo INFO - az összevont kajaérték tápértékszámolása megtörtént 
00:21:10.717 i.u.h.beadando_maven.KaloriaSzamlalo INFO - az összevont kajaérték tápértékszámolása megtörtént 
00:21:10.719 i.u.h.beadando_maven.KaloriaSzamlalo INFO - az összevont kajaérték tápértékszámolása megtörtént 
00:21:10.720 i.u.h.beadando_maven.KaloriaSzamlalo INFO - az összevont kajaérték tápértékszámolása megtörtént 
00:21:10.720 i.u.h.beadando_maven.KaloriaSzamlalo INFO - az összevont kajaérték tápértékszámolása megtörtént 
00:21:10.722 i.u.h.beadando_maven.KaloriaSzamlalo INFO - az összevont kajaérték tápértékszámolása megtörtént 
00:21:10.723 i.u.h.beadando_maven.KaloriaSzamlalo INFO - az összevont kajaérték tápértékszámolása megtörtént 
00:21:10.724 i.u.h.beadando_maven.KaloriaSzamlalo INFO - az összevont kajaérték tápértékszámolása megtörtént 
00:21:10.725 i.u.h.beadando_maven.KaloriaSzamlalo INFO - az összevont kajaérték tápértékszámolása megtörtént 
00:21:10.725 i.u.h.beadando_maven.KaloriaSzamlalo INFO - az összevont kajaérték tápértékszámolása megtörtént 
00:21:10.726 i.u.h.beadando_maven.KaloriaSzamlalo INFO - az összevont kajaérték tápértékszámolása megtörtént 
00:21:10.727 i.u.h.beadando_maven.KaloriaSzamlalo INFO - az összevont kajaérték tápértékszámolása megtörtént 
00:21:10.728 i.u.h.beadando_maven.KaloriaSzamlalo INFO - az összevont kajaérték tápértékszámolása megtörtént 
00:21:10.729 i.u.h.beadando_maven.KaloriaSzamlalo INFO - az összevont kajaérték tápértékszámolása megtörtént 
00:21:10.730 i.u.h.beadando_maven.KaloriaSzamlalo INFO - az összevont kajaérték tápértékszámolása megtörtént 
00:21:10.731 i.u.h.beadando_maven.KaloriaSzamlalo INFO - az összevont kajaérték tápértékszámolása megtörtént 
00:21:10.732 i.u.h.beadando_maven.KaloriaSzamlalo INFO - az összevont kajaérték tápértékszámolása megtörtént 
00:21:10.732 i.u.h.beadando_maven.KaloriaSzamlalo INFO - a reggeli kajaérték tápértékszámolása megtörtént 
00:21:10.734 i.u.h.beadando_maven.KaloriaSzamlalo INFO - az összevont kajaérték tápértékszámolása megtörtént 
00:21:10.735 i.u.h.beadando_maven.KaloriaSzamlalo INFO - az összevont kajaérték tápértékszámolása megtörtént 
00:21:10.736 i.u.h.beadando_maven.KaloriaSzamlalo INFO - az összevont kajaérték tápértékszámolása megtörtént 
00:21:10.738 i.u.h.beadando_maven.KaloriaSzamlalo INFO - az összevont kajaérték tápértékszámolása megtörtént 
00:21:10.739 i.u.h.beadando_maven.KaloriaSzamlalo INFO - az összevont kajaérték tápértékszámolása megtörtént 
00:21:10.740 i.u.h.beadando_maven.KaloriaSzamlalo INFO - az összevont kajaérték tápértékszámolása megtörtént 
00:21:10.741 i.u.h.beadando_maven.KaloriaSzamlalo INFO - az összevont kajaérték tápértékszámolása megtörtént 
00:21:10.742 i.u.h.beadando_maven.KaloriaSzamlalo INFO - az összevont kajaérték tápértékszámolása megtörtént 
00:21:10.743 i.u.h.beadando_maven.KaloriaSzamlalo INFO - az összevont kajaérték tápértékszámolása megtörtént 
00:21:10.744 i.u.h.beadando_maven.KaloriaSzamlalo INFO - az összevont kajaérték tápértékszámolása megtörtént 
00:21:10.745 i.u.h.beadando_maven.KaloriaSzamlalo INFO - az összevont kajaérték tápértékszámolása megtörtént 
00:21:10.747 i.u.h.beadando_maven.KaloriaSzamlalo INFO - az összevont kajaérték tápértékszámolása megtörtént 
00:21:10.748 i.u.h.beadando_maven.KaloriaSzamlalo INFO - az összevont kajaérték tápértékszámolása megtörtént 
00:21:10.749 i.u.h.beadando_maven.KaloriaSzamlalo INFO - az összevont kajaérték tápértékszámolása megtörtént 
00:21:10.751 i.u.h.beadando_maven.KaloriaSzamlalo INFO - az összevont kajaérték tápértékszámolása megtörtént 
00:21:10.751 i.u.h.beadando_maven.KaloriaSzamlalo INFO - az összevont kajaérték tápértékszámolása megtörtént 
00:21:10.752 i.u.h.beadando_maven.KaloriaSzamlalo INFO - az összevont kajaérték tápértékszámolása megtörtént 
00:21:10.753 i.u.h.beadando_maven.KaloriaSzamlalo INFO - az összevont kajaérték tápértékszámolása megtörtént 
00:21:10.754 i.u.h.beadando_maven.KaloriaSzamlalo INFO - az összevont kajaérték tápértékszámolása megtörtént 
00:21:10.754 i.u.h.beadando_maven.KaloriaSzamlalo INFO - a megadott értékek alapján a tápanyagbevitel kalkulálása megtörtént! 
00:21:18.511 i.u.h.b.KaloriatablaDDDImpl INFO - létezik a vizsgált dátum az adatbázisban 
00:21:18.534 i.u.h.b.KaloriatablaDDDImpl INFO - Kaja azonosítása sikeres 
00:21:18.547 i.u.h.b.KaloriatablaDDDImpl INFO - napszak azonosítása sikeres 
00:21:18.561 i.u.h.b.KaloriatablaDDDImpl INFO - Kaja azonosítása sikeres 
00:21:18.572 i.u.h.b.KaloriatablaDDDImpl INFO - napszak azonosítása sikeres 
00:21:18.584 i.u.h.b.KaloriatablaDDDImpl INFO - Kaja azonosítása sikeres 
00:21:18.596 i.u.h.b.KaloriatablaDDDImpl INFO - napszak azonosítása sikeres 
00:21:18.607 i.u.h.b.KaloriatablaDDDImpl INFO - Kaja azonosítása sikeres 
00:21:18.618 i.u.h.b.KaloriatablaDDDImpl INFO - napszak azonosítása sikeres 
00:21:18.629 i.u.h.b.KaloriatablaDDDImpl INFO - Kaja azonosítása sikeres 
00:21:18.642 i.u.h.b.KaloriatablaDDDImpl INFO - napszak azonosítása sikeres 
00:21:18.653 i.u.h.b.KaloriatablaDDDImpl INFO - Kaja azonosítása sikeres 
00:21:18.664 i.u.h.b.KaloriatablaDDDImpl INFO - napszak azonosítása sikeres 
00:21:18.676 i.u.h.b.KaloriatablaDDDImpl INFO - Kaja azonosítása sikeres 
00:21:18.687 i.u.h.b.KaloriatablaDDDImpl INFO - napszak azonosítása sikeres 
00:21:18.698 i.u.h.b.KaloriatablaDDDImpl INFO - Kaja azonosítása sikeres 
00:21:18.709 i.u.h.b.KaloriatablaDDDImpl INFO - napszak azonosítása sikeres 
00:21:18.809 i.u.h.b.KaloriatablaDDDImpl INFO - Kaja azonosítása sikeres 
00:21:18.820 i.u.h.b.KaloriatablaDDDImpl INFO - napszak azonosítása sikeres 
00:21:18.831 i.u.h.b.KaloriatablaDDDImpl INFO - Kaja azonosítása sikeres 
00:21:18.842 i.u.h.b.KaloriatablaDDDImpl INFO - napszak azonosítása sikeres 
00:21:18.854 i.u.h.b.KaloriatablaDDDImpl INFO - kaják sikeresen kilistázva megadott dátum szerint 
